2026-04-04 14:31:10.483 [DefaultDispatcher-worker-2] INFO  ktor.application - Autoreload is disabled because the development mode is off.
2026-04-04 14:31:12.446 [DefaultDispatcher-worker-2] INFO  Exposed - Preparing create tables statements took 118ms
2026-04-04 14:31:12.473 [DefaultDispatcher-worker-2] INFO  Exposed - Executing create tables statements took 27ms
2026-04-04 14:31:12.562 [DefaultDispatcher-worker-2] INFO  Exposed - Extracting table columns took 89ms
2026-04-04 14:31:12.588 [DefaultDispatcher-worker-2] INFO  Exposed - Extracting primary keys took 26ms
2026-04-04 14:31:12.643 [DefaultDispatcher-worker-2] DEBUG Exposed - SELECT
                  rc.CONSTRAINT_NAME,
                  ku.TABLE_NAME,
                  ku.COLUMN_NAME,
                  ku.REFERENCED_TABLE_NAME,
                  ku.REFERENCED_COLUMN_NAME,
                  rc.UPDATE_RULE,
                  rc.DELETE_RULE
                FROM INFORMATION_SCHEMA.REFERENTIAL_CONSTRAINTS rc
                  INNER JOIN INFORMATION_SCHEMA.KEY_COLUMN_USAGE ku
                    ON ku.TABLE_SCHEMA = rc.CONSTRAINT_SCHEMA AND rc.CONSTRAINT_NAME = ku.CONSTRAINT_NAME
                WHERE ku.TABLE_SCHEMA = 'volunteer'
                  AND ku.CONSTRAINT_SCHEMA = 'volunteer'
                  AND rc.CONSTRAINT_SCHEMA = 'volunteer'
                  AND  ku.TABLE_NAME IN ('user','bin','card','help','history','financial_help','donation','material_help','material_participation')
                ORDER BY ku.ORDINAL_POSITION
2026-04-04 14:31:12.655 [DefaultDispatcher-worker-2] INFO  Exposed - Extracting column constraints took 60ms
2026-04-04 14:31:12.656 [DefaultDispatcher-worker-2] INFO  Exposed - Preparing alter table statements took 183ms
2026-04-04 14:31:12.657 [DefaultDispatcher-worker-2] INFO  Exposed - Executing alter table statements took 1ms
2026-04-04 14:31:12.663 [DefaultDispatcher-worker-2] DEBUG Exposed - SELECT
                  rc.CONSTRAINT_NAME,
                  ku.TABLE_NAME,
                  ku.COLUMN_NAME,
                  ku.REFERENCED_TABLE_NAME,
                  ku.REFERENCED_COLUMN_NAME,
                  rc.UPDATE_RULE,
                  rc.DELETE_RULE
                FROM INFORMATION_SCHEMA.REFERENTIAL_CONSTRAINTS rc
                  INNER JOIN INFORMATION_SCHEMA.KEY_COLUMN_USAGE ku
                    ON ku.TABLE_SCHEMA = rc.CONSTRAINT_SCHEMA AND rc.CONSTRAINT_NAME = ku.CONSTRAINT_NAME
                WHERE ku.TABLE_SCHEMA = 'volunteer'
                  AND ku.CONSTRAINT_SCHEMA = 'volunteer'
                  AND rc.CONSTRAINT_SCHEMA = 'volunteer'
                  AND  ku.TABLE_NAME IN ('user')
                ORDER BY ku.ORDINAL_POSITION
2026-04-04 14:31:12.735 [DefaultDispatcher-worker-2] DEBUG Exposed - SELECT
                  rc.CONSTRAINT_NAME,
                  ku.TABLE_NAME,
                  ku.COLUMN_NAME,
                  ku.REFERENCED_TABLE_NAME,
                  ku.REFERENCED_COLUMN_NAME,
                  rc.UPDATE_RULE,
                  rc.DELETE_RULE
                FROM INFORMATION_SCHEMA.REFERENTIAL_CONSTRAINTS rc
                  INNER JOIN INFORMATION_SCHEMA.KEY_COLUMN_USAGE ku
                    ON ku.TABLE_SCHEMA = rc.CONSTRAINT_SCHEMA AND rc.CONSTRAINT_NAME = ku.CONSTRAINT_NAME
                WHERE ku.TABLE_SCHEMA = 'volunteer'
                  AND ku.CONSTRAINT_SCHEMA = 'volunteer'
                  AND rc.CONSTRAINT_SCHEMA = 'volunteer'
                  AND  ku.TABLE_NAME IN ('user')
                ORDER BY ku.ORDINAL_POSITION
2026-04-04 14:31:12.741 [DefaultDispatcher-worker-2] INFO  Exposed - Checking mapping consistence took 84ms
2026-04-04 14:31:13.059 [DefaultDispatcher-worker-2] INFO  ktor.application - Application started in 2.667 seconds.
2026-04-04 14:31:38.240 [DefaultDispatcher-worker-1] INFO  ktor.application - Autoreload is disabled because the development mode is off.
2026-04-04 14:31:39.930 [DefaultDispatcher-worker-1] INFO  Exposed - Preparing create tables statements took 89ms
2026-04-04 14:31:39.952 [DefaultDispatcher-worker-1] INFO  Exposed - Executing create tables statements took 22ms
2026-04-04 14:31:40.023 [DefaultDispatcher-worker-1] INFO  Exposed - Extracting table columns took 71ms
2026-04-04 14:31:40.046 [DefaultDispatcher-worker-1] INFO  Exposed - Extracting primary keys took 23ms
2026-04-04 14:31:40.101 [DefaultDispatcher-worker-1] DEBUG Exposed - SELECT
                  rc.CONSTRAINT_NAME,
                  ku.TABLE_NAME,
                  ku.COLUMN_NAME,
                  ku.REFERENCED_TABLE_NAME,
                  ku.REFERENCED_COLUMN_NAME,
                  rc.UPDATE_RULE,
                  rc.DELETE_RULE
                FROM INFORMATION_SCHEMA.REFERENTIAL_CONSTRAINTS rc
                  INNER JOIN INFORMATION_SCHEMA.KEY_COLUMN_USAGE ku
                    ON ku.TABLE_SCHEMA = rc.CONSTRAINT_SCHEMA AND rc.CONSTRAINT_NAME = ku.CONSTRAINT_NAME
                WHERE ku.TABLE_SCHEMA = 'volunteer'
                  AND ku.CONSTRAINT_SCHEMA = 'volunteer'
                  AND rc.CONSTRAINT_SCHEMA = 'volunteer'
                  AND  ku.TABLE_NAME IN ('user','bin','card','help','history','financial_help','donation','material_help','material_participation')
                ORDER BY ku.ORDINAL_POSITION
2026-04-04 14:31:40.103 [DefaultDispatcher-worker-1] INFO  Exposed - Extracting column constraints took 46ms
2026-04-04 14:31:40.103 [DefaultDispatcher-worker-1] INFO  Exposed - Preparing alter table statements took 151ms
2026-04-04 14:31:40.104 [DefaultDispatcher-worker-1] INFO  Exposed - Executing alter table statements took 1ms
2026-04-04 14:31:40.109 [DefaultDispatcher-worker-1] DEBUG Exposed - SELECT
                  rc.CONSTRAINT_NAME,
                  ku.TABLE_NAME,
                  ku.COLUMN_NAME,
                  ku.REFERENCED_TABLE_NAME,
                  ku.REFERENCED_COLUMN_NAME,
                  rc.UPDATE_RULE,
                  rc.DELETE_RULE
                FROM INFORMATION_SCHEMA.REFERENTIAL_CONSTRAINTS rc
                  INNER JOIN INFORMATION_SCHEMA.KEY_COLUMN_USAGE ku
                    ON ku.TABLE_SCHEMA = rc.CONSTRAINT_SCHEMA AND rc.CONSTRAINT_NAME = ku.CONSTRAINT_NAME
                WHERE ku.TABLE_SCHEMA = 'volunteer'
                  AND ku.CONSTRAINT_SCHEMA = 'volunteer'
                  AND rc.CONSTRAINT_SCHEMA = 'volunteer'
                  AND  ku.TABLE_NAME IN ('user')
                ORDER BY ku.ORDINAL_POSITION
2026-04-04 14:31:40.172 [DefaultDispatcher-worker-1] DEBUG Exposed - SELECT
                  rc.CONSTRAINT_NAME,
                  ku.TABLE_NAME,
                  ku.COLUMN_NAME,
                  ku.REFERENCED_TABLE_NAME,
                  ku.REFERENCED_COLUMN_NAME,
                  rc.UPDATE_RULE,
                  rc.DELETE_RULE
                FROM INFORMATION_SCHEMA.REFERENTIAL_CONSTRAINTS rc
                  INNER JOIN INFORMATION_SCHEMA.KEY_COLUMN_USAGE ku
                    ON ku.TABLE_SCHEMA = rc.CONSTRAINT_SCHEMA AND rc.CONSTRAINT_NAME = ku.CONSTRAINT_NAME
                WHERE ku.TABLE_SCHEMA = 'volunteer'
                  AND ku.CONSTRAINT_SCHEMA = 'volunteer'
                  AND rc.CONSTRAINT_SCHEMA = 'volunteer'
                  AND  ku.TABLE_NAME IN ('user')
                ORDER BY ku.ORDINAL_POSITION
2026-04-04 14:31:40.178 [DefaultDispatcher-worker-1] INFO  Exposed - Checking mapping consistence took 74ms
2026-04-04 14:31:40.447 [DefaultDispatcher-worker-1] INFO  ktor.application - Application started in 2.332 seconds.
2026-04-04 14:31:40.481 [DefaultDispatcher-worker-4] INFO  ktor.application - Responding at http://127.0.0.1:8080
2026-04-04 14:33:08.116 [DefaultDispatcher-worker-1] INFO  ktor.application - Autoreload is disabled because the development mode is off.
2026-04-04 14:33:09.801 [DefaultDispatcher-worker-1] INFO  Exposed - Preparing create tables statements took 83ms
2026-04-04 14:33:09.834 [DefaultDispatcher-worker-1] INFO  Exposed - Executing create tables statements took 33ms
2026-04-04 14:33:09.908 [DefaultDispatcher-worker-1] INFO  Exposed - Extracting table columns took 73ms
2026-04-04 14:33:09.930 [DefaultDispatcher-worker-1] INFO  Exposed - Extracting primary keys took 22ms
2026-04-04 14:33:09.989 [DefaultDispatcher-worker-1] DEBUG Exposed - SELECT
                  rc.CONSTRAINT_NAME,
                  ku.TABLE_NAME,
                  ku.COLUMN_NAME,
                  ku.REFERENCED_TABLE_NAME,
                  ku.REFERENCED_COLUMN_NAME,
                  rc.UPDATE_RULE,
                  rc.DELETE_RULE
                FROM INFORMATION_SCHEMA.REFERENTIAL_CONSTRAINTS rc
                  INNER JOIN INFORMATION_SCHEMA.KEY_COLUMN_USAGE ku
                    ON ku.TABLE_SCHEMA = rc.CONSTRAINT_SCHEMA AND rc.CONSTRAINT_NAME = ku.CONSTRAINT_NAME
                WHERE ku.TABLE_SCHEMA = 'volunteer'
                  AND ku.CONSTRAINT_SCHEMA = 'volunteer'
                  AND rc.CONSTRAINT_SCHEMA = 'volunteer'
                  AND  ku.TABLE_NAME IN ('user','bin','card','help','history','financial_help','donation','material_help','material_participation')
                ORDER BY ku.ORDINAL_POSITION
2026-04-04 14:33:09.990 [DefaultDispatcher-worker-1] INFO  Exposed - Extracting column constraints took 52ms
2026-04-04 14:33:09.991 [DefaultDispatcher-worker-1] INFO  Exposed - Preparing alter table statements took 157ms
2026-04-04 14:33:09.993 [DefaultDispatcher-worker-1] INFO  Exposed - Executing alter table statements took 2ms
2026-04-04 14:33:09.998 [DefaultDispatcher-worker-1] DEBUG Exposed - SELECT
                  rc.CONSTRAINT_NAME,
                  ku.TABLE_NAME,
                  ku.COLUMN_NAME,
                  ku.REFERENCED_TABLE_NAME,
                  ku.REFERENCED_COLUMN_NAME,
                  rc.UPDATE_RULE,
                  rc.DELETE_RULE
                FROM INFORMATION_SCHEMA.REFERENTIAL_CONSTRAINTS rc
                  INNER JOIN INFORMATION_SCHEMA.KEY_COLUMN_USAGE ku
                    ON ku.TABLE_SCHEMA = rc.CONSTRAINT_SCHEMA AND rc.CONSTRAINT_NAME = ku.CONSTRAINT_NAME
                WHERE ku.TABLE_SCHEMA = 'volunteer'
                  AND ku.CONSTRAINT_SCHEMA = 'volunteer'
                  AND rc.CONSTRAINT_SCHEMA = 'volunteer'
                  AND  ku.TABLE_NAME IN ('user')
                ORDER BY ku.ORDINAL_POSITION
2026-04-04 14:33:10.096 [DefaultDispatcher-worker-1] DEBUG Exposed - SELECT
                  rc.CONSTRAINT_NAME,
                  ku.TABLE_NAME,
                  ku.COLUMN_NAME,
                  ku.REFERENCED_TABLE_NAME,
                  ku.REFERENCED_COLUMN_NAME,
                  rc.UPDATE_RULE,
                  rc.DELETE_RULE
                FROM INFORMATION_SCHEMA.REFERENTIAL_CONSTRAINTS rc
                  INNER JOIN INFORMATION_SCHEMA.KEY_COLUMN_USAGE ku
                    ON ku.TABLE_SCHEMA = rc.CONSTRAINT_SCHEMA AND rc.CONSTRAINT_NAME = ku.CONSTRAINT_NAME
                WHERE ku.TABLE_SCHEMA = 'volunteer'
                  AND ku.CONSTRAINT_SCHEMA = 'volunteer'
                  AND rc.CONSTRAINT_SCHEMA = 'volunteer'
                  AND  ku.TABLE_NAME IN ('user')
                ORDER BY ku.ORDINAL_POSITION
2026-04-04 14:33:10.104 [DefaultDispatcher-worker-1] INFO  Exposed - Checking mapping consistence took 111ms
2026-04-04 14:33:10.409 [DefaultDispatcher-worker-1] INFO  ktor.application - Application started in 2.386 seconds.
2026-04-04 14:33:10.455 [DefaultDispatcher-worker-4] INFO  ktor.application - Responding at http://192.168.0.181:8080
2026-04-04 14:44:06.713 [DefaultDispatcher-worker-2] INFO  ktor.application - Autoreload is disabled because the development mode is off.
2026-04-04 14:44:08.954 [DefaultDispatcher-worker-2] INFO  Exposed - Preparing create tables statements took 128ms
2026-04-04 14:44:08.981 [DefaultDispatcher-worker-2] INFO  Exposed - Executing create tables statements took 25ms
2026-04-04 14:44:09.105 [DefaultDispatcher-worker-2] INFO  Exposed - Extracting table columns took 122ms
2026-04-04 14:44:09.135 [DefaultDispatcher-worker-2] INFO  Exposed - Extracting primary keys took 29ms
2026-04-04 14:44:09.221 [DefaultDispatcher-worker-2] DEBUG Exposed - SELECT
                  rc.CONSTRAINT_NAME,
                  ku.TABLE_NAME,
                  ku.COLUMN_NAME,
                  ku.REFERENCED_TABLE_NAME,
                  ku.REFERENCED_COLUMN_NAME,
                  rc.UPDATE_RULE,
                  rc.DELETE_RULE
                FROM INFORMATION_SCHEMA.REFERENTIAL_CONSTRAINTS rc
                  INNER JOIN INFORMATION_SCHEMA.KEY_COLUMN_USAGE ku
                    ON ku.TABLE_SCHEMA = rc.CONSTRAINT_SCHEMA AND rc.CONSTRAINT_NAME = ku.CONSTRAINT_NAME
                WHERE ku.TABLE_SCHEMA = 'volunteer'
                  AND ku.CONSTRAINT_SCHEMA = 'volunteer'
                  AND rc.CONSTRAINT_SCHEMA = 'volunteer'
                  AND  ku.TABLE_NAME IN ('user','bin','card','help','history','financial_help','donation','material_help','material_participation')
                ORDER BY ku.ORDINAL_POSITION
2026-04-04 14:44:09.225 [DefaultDispatcher-worker-2] INFO  Exposed - Extracting column constraints took 79ms
2026-04-04 14:44:09.226 [DefaultDispatcher-worker-2] INFO  Exposed - Preparing alter table statements took 243ms
2026-04-04 14:44:09.228 [DefaultDispatcher-worker-2] INFO  Exposed - Executing alter table statements took 2ms
2026-04-04 14:44:09.234 [DefaultDispatcher-worker-2] DEBUG Exposed - SELECT
                  rc.CONSTRAINT_NAME,
                  ku.TABLE_NAME,
                  ku.COLUMN_NAME,
                  ku.REFERENCED_TABLE_NAME,
                  ku.REFERENCED_COLUMN_NAME,
                  rc.UPDATE_RULE,
                  rc.DELETE_RULE
                FROM INFORMATION_SCHEMA.REFERENTIAL_CONSTRAINTS rc
                  INNER JOIN INFORMATION_SCHEMA.KEY_COLUMN_USAGE ku
                    ON ku.TABLE_SCHEMA = rc.CONSTRAINT_SCHEMA AND rc.CONSTRAINT_NAME = ku.CONSTRAINT_NAME
                WHERE ku.TABLE_SCHEMA = 'volunteer'
                  AND ku.CONSTRAINT_SCHEMA = 'volunteer'
                  AND rc.CONSTRAINT_SCHEMA = 'volunteer'
                  AND  ku.TABLE_NAME IN ('user')
                ORDER BY ku.ORDINAL_POSITION
2026-04-04 14:44:09.308 [DefaultDispatcher-worker-2] DEBUG Exposed - SELECT
                  rc.CONSTRAINT_NAME,
                  ku.TABLE_NAME,
                  ku.COLUMN_NAME,
                  ku.REFERENCED_TABLE_NAME,
                  ku.REFERENCED_COLUMN_NAME,
                  rc.UPDATE_RULE,
                  rc.DELETE_RULE
                FROM INFORMATION_SCHEMA.REFERENTIAL_CONSTRAINTS rc
                  INNER JOIN INFORMATION_SCHEMA.KEY_COLUMN_USAGE ku
                    ON ku.TABLE_SCHEMA = rc.CONSTRAINT_SCHEMA AND rc.CONSTRAINT_NAME = ku.CONSTRAINT_NAME
                WHERE ku.TABLE_SCHEMA = 'volunteer'
                  AND ku.CONSTRAINT_SCHEMA = 'volunteer'
                  AND rc.CONSTRAINT_SCHEMA = 'volunteer'
                  AND  ku.TABLE_NAME IN ('user')
                ORDER BY ku.ORDINAL_POSITION
2026-04-04 14:44:09.313 [DefaultDispatcher-worker-2] INFO  Exposed - Checking mapping consistence took 85ms
2026-04-04 14:44:09.609 [DefaultDispatcher-worker-2] INFO  ktor.application - Application started in 3.036 seconds.
